#
# A fatal error has been detected by the Java Runtime Environment:
#
#  Internal Error (javaCalls.cpp:51), pid=16852, tid=0x0000000000002d64
#  guarantee(thread->is_Java_thread()) failed: crucial check - the VM thread cannot and must not escape to Java code
#
# JRE version: Java(TM) SE Runtime Environment (8.0_231-b11) (build 1.8.0_231-b11)
# Java VM: Java HotSpot(TM) 64-Bit Server VM (25.231-b11 mixed mode windows-amd64 compressed oops)
# Failed to write core dump. Minidumps are not enabled by default on client versions of Windows
#
# If you would like to submit a bug report, please visit:
#   http://bugreport.java.com/bugreport/crash.jsp
#

---------------  T H R E A D  ---------------

Current thread (0x0000000017a88000):  VMThread [stack: 0x0000000018b40000,0x0000000018c40000] [id=11620]

Stack: [0x0000000018b40000,0x0000000018c40000]
[error occurred during error reporting (printing stack bounds), id 0xc0000005]

Native frames: (J=compiled Java code, j=interpreted, Vv=VM code, C=native code)

VM_Operation (0x000000001959f310): GetOrSetLocal, mode: safepoint, requested by thread 0x0000000017ad3800


---------------  P R O C E S S  ---------------

Java Threads: ( => current thread )
  0x0000000019868000 JavaThread "Service Thread" daemon [_thread_blocked, id=16748, stack(0x0000000019ea0000,0x0000000019fa0000)]
  0x000000001982a000 JavaThread "C1 CompilerThread2" daemon [_thread_blocked, id=14844, stack(0x0000000019da0000,0x0000000019ea0000)]
  0x0000000019829800 JavaThread "C2 CompilerThread1" daemon [_thread_blocked, id=12672, stack(0x0000000019ca0000,0x0000000019da0000)]
  0x0000000019827800 JavaThread "C2 CompilerThread0" daemon [_thread_blocked, id=13628, stack(0x0000000019ba0000,0x0000000019ca0000)]
  0x0000000017ad9800 JavaThread "JDWP Command Reader" daemon [_thread_in_native, id=5248, stack(0x00000000196a0000,0x00000000197a0000)]
  0x0000000017ad6800 JavaThread "JDWP Event Helper Thread" daemon [_thread_blocked, id=7124, stack(0x00000000195a0000,0x00000000196a0000)]
  0x0000000017ad3800 JavaThread "JDWP Transport Listener: dt_socket" daemon [_thread_blocked, id=11412, stack(0x00000000194a0000,0x00000000195a0000)]
  0x0000000017ac0800 JavaThread "Attach Listener" daemon [_thread_blocked, id=6084, stack(0x0000000019060000,0x0000000019160000)]
  0x0000000017abf800 JavaThread "Signal Dispatcher" daemon [_thread_blocked, id=656, stack(0x0000000018f60000,0x0000000019060000)]
  0x0000000002f4d800 JavaThread "Finalizer" daemon [_thread_blocked, id=13136, stack(0x0000000018d40000,0x0000000018e40000)]
  0x0000000017aa9800 JavaThread "Reference Handler" daemon [_thread_blocked, id=8880, stack(0x0000000018c40000,0x0000000018d40000)]
  0x0000000002e52800 JavaThread "main" [_thread_blocked, id=8316, stack(0x0000000002b60000,0x0000000002c60000)]

Other Threads:
=>0x0000000017a88000 VMThread [stack: 0x0000000018b40000,0x0000000018c40000] [id=11620]
  0x0000000019929800 WatcherThread [stack: 0x0000000019fa0000,0x000000001a0a0000] [id=4976]

VM state:at safepoint (normal execution)

VM Mutex/Monitor currently owned by a thread:  ([mutex/lock_event])
[0x0000000002c6e940] Threads_lock - owner thread: 0x0000000017a88000

heap address: 0x0000000081400000, size: 2028 MB, Compressed Oops mode: 32-bit
Narrow klass base: 0x0000000000000000, Narrow klass shift: 3
Compressed class space size: 1073741824 Address: 0x0000000100000000

Heap:
 PSYoungGen      total 38400K, used 7361K [0x00000000d5c00000, 0x00000000d8680000, 0x0000000100000000)
  eden space 33280K, 22% used [0x00000000d5c00000,0x00000000d6330600,0x00000000d7c80000)
  from space 5120K, 0% used [0x00000000d8180000,0x00000000d8180000,0x00000000d8680000)
  to   space 5120K, 0% used [0x00000000d7c80000,0x00000000d7c80000,0x00000000d8180000)
 ParOldGen       total 87552K, used 0K [0x0000000081400000, 0x0000000086980000, 0x00000000d5c00000)
  object space 87552K, 0% used [0x0000000081400000,0x0000000081400000,0x0000000086980000)
 Metaspace       used 5645K, capacity 5790K, committed 6016K, reserved 1056768K
  class space    used 601K, capacity 629K, committed 640K, reserved 1048576K

Card table byte_map: [0x0000000012310000,0x0000000012710000] byte_map_base: 0x0000000011f06000

Marking Bits: (ParMarkBitMap*) 0x000000005a656d90
 Begin Bits: [0x0000000012dc0000, 0x0000000014d70000)
 End Bits:   [0x0000000014d70000, 0x0000000016d20000)

Polling page: 0x00000000012c0000

CodeCache: size=245760Kb used=1572Kb max_used=1572Kb free=244187Kb
 bounds [0x0000000002f50000, 0x00000000031c0000, 0x0000000011f50000]
 total_blobs=485 nmethods=190 adapters=216
 compilation: enabled

Compilation events (10 events):
Event: 841.911 Thread 0x000000001982a000  185       3       org.eclipse.jdt.launching.internal.org.objectweb.asm.MethodWriter::visitLocalVariable (222 bytes)
Event: 841.914 Thread 0x000000001982a000 nmethod 185 0x00000000030d3810 code [0x00000000030d3ae0, 0x00000000030d4a68]
Event: 865.459 Thread 0x000000001982a000  187       3       org.eclipse.jdt.launching.internal.org.objectweb.asm.ByteVector::put122 (93 bytes)
Event: 865.459 Thread 0x000000001982a000 nmethod 187 0x00000000030d5610 code [0x00000000030d5780, 0x00000000030d5a48]
Event: 865.459 Thread 0x000000001982a000  188       3       org.eclipse.jdt.launching.internal.org.objectweb.asm.ClassReader::readVerificationTypeInfo (184 bytes)
Event: 865.461 Thread 0x000000001982a000 nmethod 188 0x00000000030d5c50 code [0x00000000030d5f20, 0x00000000030d7748]
Event: 865.461 Thread 0x000000001982a000  189       3       org.eclipse.jdt.launching.internal.org.objectweb.asm.MethodWriter::putFrameType (83 bytes)
Event: 865.461 Thread 0x000000001982a000 nmethod 189 0x00000000030d8d10 code [0x00000000030d8f20, 0x00000000030d9958]
Event: 865.461 Thread 0x000000001982a000  190       1       org.eclipse.jdt.launching.internal.org.objectweb.asm.SymbolTable::getMajorVersion (5 bytes)
Event: 865.461 Thread 0x000000001982a000 nmethod 190 0x00000000030b8490 code [0x00000000030b85e0, 0x00000000030b86f0]

GC Heap History (0 events):
No events

Deoptimization events (0 events):
No events

Classes redefined (10 events):
Event: 138.204 Thread 0x0000000017a88000 redefined class name=SaisiMonayeur, count=1
Event: 143.042 Thread 0x0000000017a88000 redefined class name=SaisiMonayeur, count=2
Event: 163.184 Thread 0x0000000017a88000 redefined class name=SaisiMonayeur, count=3
Event: 211.267 Thread 0x0000000017a88000 redefined class name=SaisiMonayeur, count=4
Event: 277.652 Thread 0x0000000017a88000 redefined class name=SaisiMonayeur, count=5
Event: 287.305 Thread 0x0000000017a88000 redefined class name=SaisiMonayeur, count=6
Event: 739.097 Thread 0x0000000017a88000 redefined class name=SaisiMonayeur, count=7
Event: 841.913 Thread 0x0000000017a88000 redefined class name=SaisiMonayeur, count=8
Event: 865.460 Thread 0x0000000017a88000 redefined class name=SaisiMonayeur, count=9
Event: 944.679 Thread 0x0000000017a88000 redefined class name=SaisiMonayeur, count=10

Internal exceptions (6 events):
Event: 0.056 Thread 0x0000000002e52800 Exception <a 'java/lang/NoSuchMethodError': Method sun.misc.Unsafe.defineClass(Ljava/lang/String;[BII)Ljava/lang/Class; name or signature does not match> (0x00000000d5c07cb8) thrown at [C:\re\workspace\8-2-build-windows-amd64-cygwin\jdk8u231\13620\hotspot
Event: 0.056 Thread 0x0000000002e52800 Exception <a 'java/lang/NoSuchMethodError': Method sun.misc.Unsafe.prefetchRead(Ljava/lang/Object;J)V name or signature does not match> (0x00000000d5c07fa0) thrown at [C:\re\workspace\8-2-build-windows-amd64-cygwin\jdk8u231\13620\hotspot\src\share\vm\prim
Event: 9.609 Thread 0x0000000002e52800 Exception <a 'java/security/PrivilegedActionException'> (0x00000000d620df58) thrown at [C:\re\workspace\8-2-build-windows-amd64-cygwin\jdk8u231\13620\hotspot\src\share\vm\prims\jvm.cpp, line 1502]
Event: 9.609 Thread 0x0000000002e52800 Exception <a 'java/security/PrivilegedActionException'> (0x00000000d620e350) thrown at [C:\re\workspace\8-2-build-windows-amd64-cygwin\jdk8u231\13620\hotspot\src\share\vm\prims\jvm.cpp, line 1502]
Event: 9.610 Thread 0x0000000002e52800 Exception <a 'java/security/PrivilegedActionException'> (0x00000000d6212448) thrown at [C:\re\workspace\8-2-build-windows-amd64-cygwin\jdk8u231\13620\hotspot\src\share\vm\prims\jvm.cpp, line 1502]
Event: 9.610 Thread 0x0000000002e52800 Exception <a 'java/security/PrivilegedActionException'> (0x00000000d6212840) thrown at [C:\re\workspace\8-2-build-windows-amd64-cygwin\jdk8u231\13620\hotspot\src\share\vm\prims\jvm.cpp, line 1502]

Events (10 events):
Event: 865.490 Executing VM operation: GetCurrentContendedMonitor done
Event: 944.678 Executing VM operation: RedefineClasses
Event: 944.679 Executing VM operation: RedefineClasses done
Event: 944.687 Executing VM operation: ChangeBreakpoints
Event: 944.687 Executing VM operation: ChangeBreakpoints done
Event: 944.715 Executing VM operation: GetOwnedMonitorInfo
Event: 944.715 Executing VM operation: GetOwnedMonitorInfo done
Event: 944.715 Executing VM operation: GetCurrentContendedMonitor
Event: 944.715 Executing VM operation: GetCurrentContendedMonitor done
Event: 997.538 Executing VM operation: GetOrSetLocal


Dynamic libraries:
0x00007ff70c4d0000 - 0x00007ff70c507000 	C:\Program Files\Java\jdk1.8.0_231\bin\javaw.exe
0x00007ffd96620000 - 0x00007ffd9680d000 	C:\Windows\SYSTEM32\ntdll.dll
0x00007ffd95760000 - 0x00007ffd95813000 	C:\Windows\System32\KERNEL32.DLL
0x00007ffd92aa0000 - 0x00007ffd92d33000 	C:\Windows\System32\KERNELBASE.dll
0x00007ffd93da0000 - 0x00007ffd93e43000 	C:\Windows\System32\ADVAPI32.dll
0x00007ffd96290000 - 0x00007ffd9632e000 	C:\Windows\System32\msvcrt.dll
0x00007ffd93c50000 - 0x00007ffd93cee000 	C:\Windows\System32\sechost.dll
0x00007ffd95c80000 - 0x00007ffd95da3000 	C:\Windows\System32\RPCRT4.dll
0x00007ffd963d0000 - 0x00007ffd96567000 	C:\Windows\System32\USER32.dll
0x00007ffd929e0000 - 0x00007ffd92a00000 	C:\Windows\System32\win32u.dll
0x00007ffd95c40000 - 0x00007ffd95c69000 	C:\Windows\System32\GDI32.dll
0x00007ffd92d40000 - 0x00007ffd92eda000 	C:\Windows\System32\gdi32full.dll
0x00007ffd92a00000 - 0x00007ffd92aa0000 	C:\Windows\System32\msvcp_win.dll
0x00007ffd93750000 - 0x00007ffd9384c000 	C:\Windows\System32\ucrtbase.dll
0x00007ffd7c7a0000 - 0x00007ffd7ca19000 	C:\Windows\WinSxS\amd64_microsoft.windows.common-controls_6595b64144ccf1df_6.0.17763.107_none_05b63884071e656e\COMCTL32.dll
0x00007ffd93ed0000 - 0x00007ffd941fe000 	C:\Windows\System32\combase.dll
0x00007ffd936d0000 - 0x00007ffd9374e000 	C:\Windows\System32\bcryptPrimitives.dll
0x00007ffd959b0000 - 0x00007ffd959de000 	C:\Windows\System32\IMM32.DLL
0x000000005a930000 - 0x000000005aa02000 	C:\Program Files\Java\jdk1.8.0_231\jre\bin\msvcr100.dll
0x0000000059e30000 - 0x000000005a6d6000 	C:\Program Files\Java\jdk1.8.0_231\jre\bin\server\jvm.dll
0x00007ffd96330000 - 0x00007ffd96338000 	C:\Windows\System32\PSAPI.DLL
0x00007ffd8aad0000 - 0x00007ffd8aada000 	C:\Windows\SYSTEM32\VERSION.dll
0x00007ffd8ac10000 - 0x00007ffd8ac34000 	C:\Windows\SYSTEM32\WINMM.dll
0x00007ffd8c040000 - 0x00007ffd8c049000 	C:\Windows\SYSTEM32\WSOCK32.dll
0x00007ffd94200000 - 0x00007ffd9426d000 	C:\Windows\System32\WS2_32.dll
0x00007ffd8a2f0000 - 0x00007ffd8a31d000 	C:\Windows\SYSTEM32\winmmbase.dll
0x00007ffd93680000 - 0x00007ffd936ca000 	C:\Windows\System32\cfgmgr32.dll
0x00007ffd8f240000 - 0x00007ffd8f24f000 	C:\Program Files\Java\jdk1.8.0_231\jre\bin\verify.dll
0x00007ffd85d00000 - 0x00007ffd85d29000 	C:\Program Files\Java\jdk1.8.0_231\jre\bin\java.dll
0x00007ffd85610000 - 0x00007ffd85645000 	C:\Program Files\Java\jdk1.8.0_231\jre\bin\jdwp.dll
0x00007ffd8f060000 - 0x00007ffd8f068000 	C:\Program Files\Java\jdk1.8.0_231\jre\bin\npt.dll
0x00007ffd836a0000 - 0x00007ffd836c3000 	C:\Program Files\Java\jdk1.8.0_231\jre\bin\instrument.dll
0x00007ffd8d670000 - 0x00007ffd8d686000 	C:\Program Files\Java\jdk1.8.0_231\jre\bin\zip.dll
0x00007ffd94270000 - 0x00007ffd9575f000 	C:\Windows\System32\SHELL32.dll
0x00007ffd959e0000 - 0x00007ffd95a88000 	C:\Windows\System32\shcore.dll
0x00007ffd92f10000 - 0x00007ffd93658000 	C:\Windows\System32\windows.storage.dll
0x00007ffd926c0000 - 0x00007ffd926e4000 	C:\Windows\System32\profapi.dll
0x00007ffd92660000 - 0x00007ffd926bd000 	C:\Windows\System32\powrprof.dll
0x00007ffd96230000 - 0x00007ffd96282000 	C:\Windows\System32\shlwapi.dll
0x00007ffd92640000 - 0x00007ffd92651000 	C:\Windows\System32\kernel.appcore.dll
0x00007ffd93660000 - 0x00007ffd93677000 	C:\Windows\System32\cryptsp.dll
0x00007ffd8d6d0000 - 0x00007ffd8d6d9000 	C:\Program Files\Java\jdk1.8.0_231\jre\bin\dt_socket.dll
0x00007ffd8b8f0000 - 0x00007ffd8b906000 	C:\Windows\system32\napinsp.dll
0x00007ffd8b920000 - 0x00007ffd8b93a000 	C:\Windows\system32\pnrpnsp.dll
0x00007ffd91eb0000 - 0x00007ffd91f17000 	C:\Windows\System32\mswsock.dll
0x00007ffd91c50000 - 0x00007ffd91d16000 	C:\Windows\SYSTEM32\DNSAPI.dll
0x00007ffd963c0000 - 0x00007ffd963c8000 	C:\Windows\System32\NSI.dll
0x00007ffd91c10000 - 0x00007ffd91c4d000 	C:\Windows\SYSTEM32\IPHLPAPI.DLL
0x00007ffd8b910000 - 0x00007ffd8b91e000 	C:\Windows\System32\winrnr.dll
0x00007ffd8eea0000 - 0x00007ffd8eebb000 	C:\Windows\system32\NLAapi.dll
0x00007ffd8b940000 - 0x00007ffd8b955000 	C:\Windows\system32\wshbth.dll
0x00007ffd8e530000 - 0x00007ffd8e5a9000 	C:\Windows\System32\fwpuclnt.dll
0x00007ffd92ee0000 - 0x00007ffd92f06000 	C:\Windows\System32\bcrypt.dll
0x00007ffd8d880000 - 0x00007ffd8d88a000 	C:\Windows\System32\rasadhlp.dll

VM Arguments:
jvm_args: -agentlib:jdwp=transport=dt_socket,suspend=y,address=localhost:55659 -javaagent:C:\Users\31010-83-08\eclipse\java-2019-12\eclipse\configuration\org.eclipse.osgi\226\0\.cp\lib\javaagent-shaded.jar -Dfile.encoding=Cp1252 
java_command: SaisiMonayeur
java_class_path (initial): C:\Users\31010-83-08\eclipse-workspace\ProjetsAfpa\bin;C:\Users\31010-83-08\eclipse\java-2019-12\eclipse\configuration\org.eclipse.osgi\226\0\.cp\lib\javaagent-shaded.jar
Launcher Type: SUN_STANDARD

Environment Variables:
JAVA_HOME=C:\Program Files\Java\jdk1.8.0_231
JRE_HOME=C:\Program Files\Java\jdk1.8.0_231\jre
PATH=C:\Program Files\Java\jdk1.8.0_231\jre\bin;C:/Program Files/Java/jdk1.8.0_231/bin/../jre/bin/server;C:/Program Files/Java/jdk1.8.0_231/bin/../jre/bin;C:/Program Files/Java/jdk1.8.0_231/bin/../jre/lib/amd64;C:\Program Files\Java\jdk1.8.0_231\bin;C:\oracle\product\12.2.0\dbhome_1\bin;C:\oraclexe\app\oracle\product\11.2.0\server\bin;C:\Windows\system32;C:\Windows;C:\Windows\System32\Wbem;C:\Windows\System32\WindowsPowerShell\v1.0\;C:\Windows\System32\OpenSSH\;C:\Program Files\Git\cmd;C:\Program Files\nodejs\;C:\Users\31010-83-08\AppData\Local\Microsoft\WindowsApps;;C:\Users\31010-83-08\AppData\Local\Programs\Microsoft VS Code\bin;C:\Users\31010-83-08\AppData\Roaming\npm;C:\Users\31010-83-08\Desktop;
USERNAME=31010-83-08
OS=Windows_NT
PROCESSOR_IDENTIFIER=Intel64 Family 6 Model 94 Stepping 3, GenuineIntel



---------------  S Y S T E M  ---------------

OS: Windows 10.0 , 64 bit Build 17763 (10.0.17763.1)

CPU:total 4 (initial active 4) (4 cores per cpu, 1 threads per core) family 6 model 94 stepping 3, cmov, cx8, fxsr, mmx, sse, sse2, sse3, ssse3, sse4.1, sse4.2, popcnt, avx, avx2, aes, clmul, erms, 3dnowpref, lzcnt, tsc, tscinvbit, bmi1, bmi2, adx

Memory: 4k page, physical 8301028k(1579532k free), swap 31467516k(11323612k free)

vm_info: Java HotSpot(TM) 64-Bit Server VM (25.231-b11) for windows-amd64 JRE (1.8.0_231-b11), built on Oct  5 2019 03:11:30 by "java_re" with MS VC++ 10.0 (VS2010)

time: Thu Feb 06 16:12:36 2020
timezone: Paris, Madrid
elapsed time: 997 seconds (0d 0h 16m 37s)

